Started GET "/" for 127.0.0.1 at 2024-07-31 13:48:23 +0300
  [1m[35m (3.5ms)[0m  [1m[35mCREATE TABLE "schema_migrations" ("version" varchar NOT NULL PRIMARY KEY)[0m
  [1m[35m (0.1ms)[0m  [1m[35mCREATE TABLE "ar_internal_metadata" ("key" varchar NOT NULL PRIMARY KEY, "value" varchar, "created_at" datetime(6) NOT NULL, "updated_at" datetime(6) NOT NULL)[0m
  [1m[36mActiveRecord::SchemaMigration Load (0.1ms)[0m  [1m[34mSELECT "schema_migrations"."version" FROM "schema_migrations" ORDER BY "schema_migrations"."version" ASC[0m
Processing by ApplicationController#index as HTML
Completed 406 Not Acceptable in 8ms (ActiveRecord: 0.0ms | Allocations: 2733)


  
ActionController::MissingExactTemplate (ApplicationController#index is missing a template for request formats: text/html):
  
actionpack (7.1.3.4) lib/action_controller/metal/implicit_render.rb:47:in `default_render'
actionpack (7.1.3.4) lib/action_controller/metal/basic_implicit_render.rb:7:in `send_action'
actionpack (7.1.3.4) lib/abstract_controller/base.rb:224:in `process_action'
actionpack (7.1.3.4) lib/action_controller/metal/rendering.rb:165:in `process_action'
actionpack (7.1.3.4) lib/abstract_controller/callbacks.rb:259:in `block in process_action'
activesupport (7.1.3.4) lib/active_support/callbacks.rb:121:in `block in run_callbacks'
turbo-rails (2.0.6) lib/turbo-rails.rb:24:in `with_request_id'
turbo-rails (2.0.6) app/controllers/concerns/turbo/request_id_tracking.rb:10:in `turbo_tracking_request_id'
activesupport (7.1.3.4) lib/active_support/callbacks.rb:130:in `block in run_callbacks'
actiontext (7.1.3.4) lib/action_text/rendering.rb:23:in `with_renderer'
actiontext (7.1.3.4) lib/action_text/engine.rb:69:in `block (4 levels) in <class:Engine>'
activesupport (7.1.3.4) lib/active_support/callbacks.rb:130:in `instance_exec'
activesupport (7.1.3.4) lib/active_support/callbacks.rb:130:in `block in run_callbacks'
activesupport (7.1.3.4) lib/active_support/callbacks.rb:141:in `run_callbacks'
actionpack (7.1.3.4) lib/abstract_controller/callbacks.rb:258:in `process_action'
actionpack (7.1.3.4) lib/action_controller/metal/rescue.rb:25:in `process_action'
actionpack (7.1.3.4) lib/action_controller/metal/instrumentation.rb:74:in `block in process_action'
activesupport (7.1.3.4) lib/active_support/notifications.rb:206:in `block in instrument'
activesupport (7.1.3.4) lib/active_support/notifications/instrumenter.rb:58:in `instrument'
activesupport (7.1.3.4) lib/active_support/notifications.rb:206:in `instrument'
actionpack (7.1.3.4) lib/action_controller/metal/instrumentation.rb:73:in `process_action'
actionpack (7.1.3.4) lib/action_controller/metal/params_wrapper.rb:261:in `process_action'
activerecord (7.1.3.4) lib/active_record/railties/controller_runtime.rb:32:in `process_action'
actionpack (7.1.3.4) lib/abstract_controller/base.rb:160:in `process'
actionview (7.1.3.4) lib/action_view/rendering.rb:40:in `process'
actionpack (7.1.3.4) lib/action_controller/metal.rb:227:in `dispatch'
actionpack (7.1.3.4) lib/action_controller/metal.rb:309:in `dispatch'
actionpack (7.1.3.4) lib/action_dispatch/routing/route_set.rb:49:in `dispatch'
actionpack (7.1.3.4) lib/action_dispatch/routing/route_set.rb:32:in `serve'
actionpack (7.1.3.4) lib/action_dispatch/journey/router.rb:51:in `block in serve'
actionpack (7.1.3.4) lib/action_dispatch/journey/router.rb:131:in `block in find_routes'
actionpack (7.1.3.4) lib/action_dispatch/journey/router.rb:124:in `each'
actionpack (7.1.3.4) lib/action_dispatch/journey/router.rb:124:in `find_routes'
actionpack (7.1.3.4) lib/action_dispatch/journey/router.rb:32:in `serve'
actionpack (7.1.3.4) lib/action_dispatch/routing/route_set.rb:882:in `call'
rack (3.1.7) lib/rack/tempfile_reaper.rb:20:in `call'
rack (3.1.7) lib/rack/etag.rb:29:in `call'
rack (3.1.7) lib/rack/conditional_get.rb:31:in `call'
rack (3.1.7) lib/rack/head.rb:15:in `call'
actionpack (7.1.3.4) lib/action_dispatch/http/permissions_policy.rb:36:in `call'
actionpack (7.1.3.4) lib/action_dispatch/http/content_security_policy.rb:33:in `call'
rack-session (2.0.0) lib/rack/session/abstract/id.rb:272:in `context'
rack-session (2.0.0) lib/rack/session/abstract/id.rb:266:in `call'
actionpack (7.1.3.4) lib/action_dispatch/middleware/cookies.rb:689:in `call'
activerecord (7.1.3.4) lib/active_record/migration.rb:655:in `call'
actionpack (7.1.3.4) lib/action_dispatch/middleware/callbacks.rb:29:in `block in call'
activesupport (7.1.3.4) lib/active_support/callbacks.rb:101:in `run_callbacks'
actionpack (7.1.3.4) lib/action_dispatch/middleware/callbacks.rb:28:in `call'
actionpack (7.1.3.4) lib/action_dispatch/middleware/executor.rb:14:in `call'
actionpack (7.1.3.4) lib/action_dispatch/middleware/actionable_exceptions.rb:16:in `call'
actionpack (7.1.3.4) lib/action_dispatch/middleware/debug_exceptions.rb:29:in `call'
web-console (4.2.1) lib/web_console/middleware.rb:132:in `call_app'
web-console (4.2.1) lib/web_console/middleware.rb:28:in `block in call'
web-console (4.2.1) lib/web_console/middleware.rb:17:in `catch'
web-console (4.2.1) lib/web_console/middleware.rb:17:in `call'
actionpack (7.1.3.4) lib/action_dispatch/middleware/show_exceptions.rb:31:in `call'
railties (7.1.3.4) lib/rails/rack/logger.rb:37:in `call_app'
railties (7.1.3.4) lib/rails/rack/logger.rb:24:in `block in call'
activesupport (7.1.3.4) lib/active_support/tagged_logging.rb:135:in `block in tagged'
activesupport (7.1.3.4) lib/active_support/tagged_logging.rb:39:in `tagged'
activesupport (7.1.3.4) lib/active_support/tagged_logging.rb:135:in `tagged'
activesupport (7.1.3.4) lib/active_support/broadcast_logger.rb:240:in `method_missing'
railties (7.1.3.4) lib/rails/rack/logger.rb:24:in `call'
sprockets-rails (3.5.1) lib/sprockets/rails/quiet_assets.rb:17:in `call'
actionpack (7.1.3.4) lib/action_dispatch/middleware/remote_ip.rb:92:in `call'
actionpack (7.1.3.4) lib/action_dispatch/middleware/request_id.rb:28:in `call'
rack (3.1.7) lib/rack/method_override.rb:28:in `call'
rack (3.1.7) lib/rack/runtime.rb:24:in `call'
activesupport (7.1.3.4) lib/active_support/cache/strategy/local_cache_middleware.rb:29:in `call'
actionpack (7.1.3.4) lib/action_dispatch/middleware/server_timing.rb:59:in `block in call'
actionpack (7.1.3.4) lib/action_dispatch/middleware/server_timing.rb:24:in `collect_events'
actionpack (7.1.3.4) lib/action_dispatch/middleware/server_timing.rb:58:in `call'
actionpack (7.1.3.4) lib/action_dispatch/middleware/executor.rb:14:in `call'
actionpack (7.1.3.4) lib/action_dispatch/middleware/static.rb:25:in `call'
rack (3.1.7) lib/rack/sendfile.rb:114:in `call'
actionpack (7.1.3.4) lib/action_dispatch/middleware/host_authorization.rb:141:in `call'
railties (7.1.3.4) lib/rails/engine.rb:536:in `call'
puma (6.4.2) lib/puma/configuration.rb:272:in `call'
puma (6.4.2) lib/puma/request.rb:100:in `block in handle_request'
puma (6.4.2) lib/puma/thread_pool.rb:378:in `with_force_shutdown'
puma (6.4.2) lib/puma/request.rb:99:in `handle_request'
puma (6.4.2) lib/puma/server.rb:464:in `process_client'
puma (6.4.2) lib/puma/server.rb:245:in `block in run'
puma (6.4.2) lib/puma/thread_pool.rb:155:in `block in spawn_thread'
Started GET "/" for 127.0.0.1 at 2024-07-31 13:48:49 +0300
Processing by ApplicationController#index as HTML
  Rendering layout layouts/application.html.erb
  Rendering application/index.html.erb within layouts/application
  Rendered application/index.html.erb within layouts/application (Duration: 0.3ms | Allocations: 114)
  Rendered layout layouts/application.html.erb (Duration: 207.0ms | Allocations: 93261)
Completed 200 OK in 209ms (Views: 208.6ms | ActiveRecord: 0.0ms | Allocations: 94355)


Started GET "/" for 127.0.0.1 at 2024-07-31 13:49:30 +0300
Processing by ApplicationController#index as HTML
  Rendering layout layouts/application.html.erb
  Rendering application/index.html.erb within layouts/application
  Rendered application/index.html.erb within layouts/application (Duration: 0.4ms | Allocations: 115)
  Rendered layout layouts/application.html.erb (Duration: 19.5ms | Allocations: 18327)
Completed 200 OK in 22ms (Views: 21.1ms | ActiveRecord: 0.0ms | Allocations: 19344)


Started GET "/" for 127.0.0.1 at 2024-07-31 13:52:00 +0300
Processing by ApplicationController#index as HTML
  Rendering layout layouts/application.html.erb
  Rendering application/index.html.erb within layouts/application
  Rendered application/index.html.erb within layouts/application (Duration: 0.3ms | Allocations: 111)
  Rendered layout layouts/application.html.erb (Duration: 48.2ms | Allocations: 43274)
Completed 200 OK in 50ms (Views: 49.4ms | ActiveRecord: 0.0ms | Allocations: 44274)


Started GET "/_/a0ba12d2.js" for 127.0.0.1 at 2024-07-31 13:52:00 +0300
  
ActionController::RoutingError (No route matches [GET] "/assets/enums.js"):
  
  
ActionController::RoutingError (No route matches [GET] "/_/a0ba12d2.js"):
  
  
ActionController::RoutingError (No route matches [GET] "/assets/modifiers/index.js"):
  
  
ActionController::RoutingError (No route matches [GET] "/assets/popper-lite.js"):
  
  
ActionController::RoutingError (No route matches [GET] "/assets/popper.js"):
  
  
ActionController::RoutingError (No route matches [GET] "/assets/modifiers/applyStyles.js"):
  
  
ActionController::RoutingError (No route matches [GET] "/assets/modifiers/computeStyles.js"):
  
  
ActionController::RoutingError (No route matches [GET] "/assets/modifiers/arrow.js"):
  
  
ActionController::RoutingError (No route matches [GET] "/assets/modifiers/eventListeners.js"):
  
  
ActionController::RoutingError (No route matches [GET] "/assets/modifiers/flip.js"):
  
  
ActionController::RoutingError (No route matches [GET] "/assets/modifiers/hide.js"):
  
  
ActionController::RoutingError (No route matches [GET] "/assets/modifiers/offset.js"):
  
  
ActionController::RoutingError (No route matches [GET] "/assets/modifiers/popperOffsets.js"):
  
  
ActionController::RoutingError (No route matches [GET] "/assets/modifiers/preventOverflow.js"):
  
Started GET "/_/7a91f8b9.js" for 127.0.0.1 at 2024-07-31 13:52:01 +0300
  
ActionController::RoutingError (No route matches [GET] "/assets/dom-utils/getCompositeRect.js"):
  
  
ActionController::RoutingError (No route matches [GET] "/_/7a91f8b9.js"):
  
Started GET "/_/7742d4ca.js" for 127.0.0.1 at 2024-07-31 13:52:01 +0300
  
ActionController::RoutingError (No route matches [GET] "/assets/dom-utils/instanceOf.js"):
  
  
ActionController::RoutingError (No route matches [GET] "/assets/dom-utils/getWindow.js"):
  
Started GET "/_/b8df2d1e.js" for 127.0.0.1 at 2024-07-31 13:52:02 +0300
  
ActionController::RoutingError (No route matches [GET] "/_/7742d4ca.js"):
  
  
ActionController::RoutingError (No route matches [GET] "/assets/dom-utils/getNodeScroll.js"):
  
  
ActionController::RoutingError (No route matches [GET] "/_/b8df2d1e.js"):
  
  
ActionController::RoutingError (No route matches [GET] "/assets/dom-utils/getWindowScroll.js"):
  
  
ActionController::RoutingError (No route matches [GET] "/assets/dom-utils/getHTMLElementScroll.js"):
  
  
ActionController::RoutingError (No route matches [GET] "/assets/dom-utils/getNodeName.js"):
  
  
ActionController::RoutingError (No route matches [GET] "/assets/dom-utils/getWindowScrollBarX.js"):
  
  
ActionController::RoutingError (No route matches [GET] "/assets/dom-utils/getDocumentElement.js"):
  
  
ActionController::RoutingError (No route matches [GET] "/assets/dom-utils/isScrollParent.js"):
  
  
ActionController::RoutingError (No route matches [GET] "/assets/dom-utils/getLayoutRect.js"):
  
  
ActionController::RoutingError (No route matches [GET] "/assets/dom-utils/getComputedStyle.js"):
  
  
ActionController::RoutingError (No route matches [GET] "/assets/dom-utils/listScrollParents.js"):
  
  
ActionController::RoutingError (No route matches [GET] "/assets/dom-utils/getScrollParent.js"):
  
Started GET "/_/084d303b.js" for 127.0.0.1 at 2024-07-31 13:52:03 +0300
  
ActionController::RoutingError (No route matches [GET] "/assets/dom-utils/getParentNode.js"):
  
  
ActionController::RoutingError (No route matches [GET] "/_/084d303b.js"):
  
  
ActionController::RoutingError (No route matches [GET] "/assets/dom-utils/getOffsetParent.js"):
  
  
ActionController::RoutingError (No route matches [GET] "/assets/dom-utils/getViewportRect.js"):
  
  
ActionController::RoutingError (No route matches [GET] "/assets/dom-utils/getDocumentRect.js"):
  
Started GET "/_/a9ca29ce.js" for 127.0.0.1 at 2024-07-31 13:52:03 +0300
Started GET "/_/bb24ce41.js" for 127.0.0.1 at 2024-07-31 13:52:03 +0300
Started GET "/_/2d19854a.js" for 127.0.0.1 at 2024-07-31 13:52:03 +0300
Started GET "/_/c7d11060.js" for 127.0.0.1 at 2024-07-31 13:52:03 +0300
  
ActionController::RoutingError (No route matches [GET] "/_/a9ca29ce.js"):
  
  
ActionController::RoutingError (No route matches [GET] "/_/bb24ce41.js"):
  
  
ActionController::RoutingError (No route matches [GET] "/_/2d19854a.js"):
  
  
ActionController::RoutingError (No route matches [GET] "/_/c7d11060.js"):
  
  
ActionController::RoutingError (No route matches [GET] "/assets/utils/getMainAxisFromPlacement.js"):
  
Started GET "/_/1ba79728.js" for 127.0.0.1 at 2024-07-31 13:52:03 +0300
  
ActionController::RoutingError (No route matches [GET] "/assets/utils/getOppositePlacement.js"):
  
Started GET "/_/6a201025.js" for 127.0.0.1 at 2024-07-31 13:52:03 +0300
  
ActionController::RoutingError (No route matches [GET] "/_/1ba79728.js"):
  
  
ActionController::RoutingError (No route matches [GET] "/assets/utils/detectOverflow.js"):
  
  
ActionController::RoutingError (No route matches [GET] "/_/6a201025.js"):
  
  
ActionController::RoutingError (No route matches [GET] "/assets/utils/computeAutoPlacement.js"):
  
  
ActionController::RoutingError (No route matches [GET] "/assets/utils/getOppositeVariationPlacement.js"):
  
Started GET "/" for 127.0.0.1 at 2024-07-31 13:52:31 +0300
Processing by ApplicationController#index as HTML
  Rendering layout layouts/application.html.erb
  Rendering application/index.html.erb within layouts/application
  Rendered application/index.html.erb within layouts/application (Duration: 0.0ms | Allocations: 6)
  Rendered layout layouts/application.html.erb (Duration: 15.6ms | Allocations: 6987)
Completed 500 Internal Server Error in 16ms (ActiveRecord: 0.0ms | Allocations: 7241)


  
LoadError (cannot load such file -- sassc):
  
app/views/layouts/application.html.erb:9
Started GET "/" for 127.0.0.1 at 2024-07-31 13:53:13 +0300
Processing by ApplicationController#index as HTML
  Rendering layout layouts/application.html.erb
  Rendering application/index.html.erb within layouts/application
  Rendered application/index.html.erb within layouts/application (Duration: 0.0ms | Allocations: 6)
  Rendered layout layouts/application.html.erb (Duration: 14.9ms | Allocations: 5634)
Completed 500 Internal Server Error in 16ms (ActiveRecord: 0.0ms | Allocations: 5849)


  
LoadError (cannot load such file -- sassc):
  
app/views/layouts/application.html.erb:9
Started GET "/" for 127.0.0.1 at 2024-07-31 13:53:22 +0300
  [1m[36mActiveRecord::SchemaMigration Load (0.1ms)[0m  [1m[34mSELECT "schema_migrations"."version" FROM "schema_migrations" ORDER BY "schema_migrations"."version" ASC[0m
Processing by ApplicationController#index as HTML
  Rendering layout layouts/application.html.erb
  Rendering application/index.html.erb within layouts/application
  Rendered application/index.html.erb within layouts/application (Duration: 0.3ms | Allocations: 192)
  Rendered layout layouts/application.html.erb (Duration: 4961.8ms | Allocations: 149482)
Completed 200 OK in 4968ms (Views: 4964.5ms | ActiveRecord: 0.0ms | Allocations: 153728)


  
ActionController::RoutingError (No route matches [GET] "/assets/enums.js"):
  
Started GET "/_/a0ba12d2.js" for 127.0.0.1 at 2024-07-31 13:53:27 +0300
  
ActionController::RoutingError (No route matches [GET] "/assets/modifiers/index.js"):
  
  
ActionController::RoutingError (No route matches [GET] "/assets/utils/detectOverflow.js"):
  
  
ActionController::RoutingError (No route matches [GET] "/_/a0ba12d2.js"):
  
  
ActionController::RoutingError (No route matches [GET] "/assets/modifiers/applyStyles.js"):
  
  
ActionController::RoutingError (No route matches [GET] "/assets/modifiers/computeStyles.js"):
  
  
ActionController::RoutingError (No route matches [GET] "/assets/modifiers/eventListeners.js"):
  
  
ActionController::RoutingError (No route matches [GET] "/assets/modifiers/arrow.js"):
  
  
ActionController::RoutingError (No route matches [GET] "/assets/modifiers/flip.js"):
  
  
ActionController::RoutingError (No route matches [GET] "/assets/modifiers/hide.js"):
  
  
ActionController::RoutingError (No route matches [GET] "/assets/modifiers/offset.js"):
  
  
ActionController::RoutingError (No route matches [GET] "/assets/modifiers/preventOverflow.js"):
  
  
ActionController::RoutingError (No route matches [GET] "/assets/modifiers/popperOffsets.js"):
  
Started GET "/_/7a91f8b9.js" for 127.0.0.1 at 2024-07-31 13:53:28 +0300
  
ActionController::RoutingError (No route matches [GET] "/assets/dom-utils/getCompositeRect.js"):
  
Started GET "/_/7742d4ca.js" for 127.0.0.1 at 2024-07-31 13:53:28 +0300
  
ActionController::RoutingError (No route matches [GET] "/_/7a91f8b9.js"):
  
  
ActionController::RoutingError (No route matches [GET] "/assets/dom-utils/instanceOf.js"):
  
  
ActionController::RoutingError (No route matches [GET] "/assets/dom-utils/getWindow.js"):
  
Started GET "/_/b8df2d1e.js" for 127.0.0.1 at 2024-07-31 13:53:28 +0300
  
ActionController::RoutingError (No route matches [GET] "/_/7742d4ca.js"):
  
  
ActionController::RoutingError (No route matches [GET] "/_/b8df2d1e.js"):
  
  
ActionController::RoutingError (No route matches [GET] "/assets/dom-utils/getWindowScroll.js"):
  
  
ActionController::RoutingError (No route matches [GET] "/assets/dom-utils/getNodeScroll.js"):
  
  
ActionController::RoutingError (No route matches [GET] "/assets/dom-utils/getHTMLElementScroll.js"):
  
  
ActionController::RoutingError (No route matches [GET] "/assets/dom-utils/getNodeName.js"):
  
  
ActionController::RoutingError (No route matches [GET] "/assets/dom-utils/getWindowScrollBarX.js"):
  
  
ActionController::RoutingError (No route matches [GET] "/assets/dom-utils/getDocumentElement.js"):
  
  
ActionController::RoutingError (No route matches [GET] "/assets/dom-utils/isScrollParent.js"):
  
  
ActionController::RoutingError (No route matches [GET] "/assets/dom-utils/getComputedStyle.js"):
  
  
ActionController::RoutingError (No route matches [GET] "/assets/dom-utils/getLayoutRect.js"):
  
  
ActionController::RoutingError (No route matches [GET] "/assets/dom-utils/listScrollParents.js"):
  
  
ActionController::RoutingError (No route matches [GET] "/assets/dom-utils/getScrollParent.js"):
  
Started GET "/_/084d303b.js" for 127.0.0.1 at 2024-07-31 13:53:29 +0300
  
ActionController::RoutingError (No route matches [GET] "/assets/dom-utils/getParentNode.js"):
  
  
ActionController::RoutingError (No route matches [GET] "/_/084d303b.js"):
  
  
ActionController::RoutingError (No route matches [GET] "/assets/dom-utils/getOffsetParent.js"):
  
Started GET "/_/a9ca29ce.js" for 127.0.0.1 at 2024-07-31 13:53:30 +0300
Started GET "/_/bb24ce41.js" for 127.0.0.1 at 2024-07-31 13:53:30 +0300
  
ActionController::RoutingError (No route matches [GET] "/assets/dom-utils/getViewportRect.js"):
  
Started GET "/_/2d19854a.js" for 127.0.0.1 at 2024-07-31 13:53:30 +0300
  
ActionController::RoutingError (No route matches [GET] "/assets/dom-utils/getDocumentRect.js"):
  
  
ActionController::RoutingError (No route matches [GET] "/_/bb24ce41.js"):
  
  
ActionController::RoutingError (No route matches [GET] "/_/a9ca29ce.js"):
  
Started GET "/_/c7d11060.js" for 127.0.0.1 at 2024-07-31 13:53:30 +0300
  
ActionController::RoutingError (No route matches [GET] "/_/2d19854a.js"):
  
  
ActionController::RoutingError (No route matches [GET] "/_/c7d11060.js"):
  
Started GET "/_/6a201025.js" for 127.0.0.1 at 2024-07-31 13:53:30 +0300
  
ActionController::RoutingError (No route matches [GET] "/assets/utils/getMainAxisFromPlacement.js"):
  
  
ActionController::RoutingError (No route matches [GET] "/_/6a201025.js"):
  
  
ActionController::RoutingError (No route matches [GET] "/assets/utils/getOppositePlacement.js"):
  
  
ActionController::RoutingError (No route matches [GET] "/assets/popper-lite.js"):
  
  
ActionController::RoutingError (No route matches [GET] "/assets/utils/getOppositeVariationPlacement.js"):
  
  
ActionController::RoutingError (No route matches [GET] "/assets/utils/computeAutoPlacement.js"):
  
Started GET "/_/1ba79728.js" for 127.0.0.1 at 2024-07-31 13:53:31 +0300
  
ActionController::RoutingError (No route matches [GET] "/_/1ba79728.js"):
  
Started GET "/" for 127.0.0.1 at 2024-07-31 13:56:53 +0300
  [1m[36mActiveRecord::SchemaMigration Load (0.1ms)[0m  [1m[34mSELECT "schema_migrations"."version" FROM "schema_migrations" ORDER BY "schema_migrations"."version" ASC[0m
Processing by ApplicationController#index as HTML
  Rendering layout layouts/application.html.erb
  Rendering application/index.html.erb within layouts/application
  Rendered application/index.html.erb within layouts/application (Duration: 0.2ms | Allocations: 192)
  Rendered layout layouts/application.html.erb (Duration: 61.3ms | Allocations: 59808)
Completed 200 OK in 68ms (Views: 63.6ms | ActiveRecord: 0.0ms | Allocations: 64054)


  
ActionController::RoutingError (No route matches [GET] "/assets/enums.js"):
  
Started GET "/_/a0ba12d2.js" for 127.0.0.1 at 2024-07-31 13:56:53 +0300
  
ActionController::RoutingError (No route matches [GET] "/assets/modifiers/index.js"):
  
  
ActionController::RoutingError (No route matches [GET] "/_/a0ba12d2.js"):
  
  
ActionController::RoutingError (No route matches [GET] "/assets/popper-lite.js"):
  
  
ActionController::RoutingError (No route matches [GET] "/assets/modifiers/applyStyles.js"):
  
  
ActionController::RoutingError (No route matches [GET] "/assets/modifiers/arrow.js"):
  
  
ActionController::RoutingError (No route matches [GET] "/assets/modifiers/computeStyles.js"):
  
  
ActionController::RoutingError (No route matches [GET] "/assets/modifiers/eventListeners.js"):
  
  
ActionController::RoutingError (No route matches [GET] "/assets/modifiers/flip.js"):
  
  
ActionController::RoutingError (No route matches [GET] "/assets/modifiers/hide.js"):
  
  
ActionController::RoutingError (No route matches [GET] "/assets/modifiers/offset.js"):
  
  
ActionController::RoutingError (No route matches [GET] "/assets/modifiers/popperOffsets.js"):
  
  
ActionController::RoutingError (No route matches [GET] "/assets/modifiers/preventOverflow.js"):
  
Started GET "/_/7a91f8b9.js" for 127.0.0.1 at 2024-07-31 13:56:54 +0300
  
ActionController::RoutingError (No route matches [GET] "/_/7a91f8b9.js"):
  
  
ActionController::RoutingError (No route matches [GET] "/assets/dom-utils/getCompositeRect.js"):
  
  
ActionController::RoutingError (No route matches [GET] "/assets/dom-utils/instanceOf.js"):
  
Started GET "/_/7742d4ca.js" for 127.0.0.1 at 2024-07-31 13:56:54 +0300
  
ActionController::RoutingError (No route matches [GET] "/assets/dom-utils/getWindow.js"):
  
Started GET "/_/b8df2d1e.js" for 127.0.0.1 at 2024-07-31 13:56:54 +0300
  
ActionController::RoutingError (No route matches [GET] "/_/7742d4ca.js"):
  
  
ActionController::RoutingError (No route matches [GET] "/_/b8df2d1e.js"):
  
  
ActionController::RoutingError (No route matches [GET] "/assets/dom-utils/getWindowScroll.js"):
  
  
ActionController::RoutingError (No route matches [GET] "/assets/dom-utils/getNodeScroll.js"):
  
  
ActionController::RoutingError (No route matches [GET] "/assets/dom-utils/getHTMLElementScroll.js"):
  
  
ActionController::RoutingError (No route matches [GET] "/assets/dom-utils/getNodeName.js"):
  
  
ActionController::RoutingError (No route matches [GET] "/assets/dom-utils/getWindowScrollBarX.js"):
  
  
ActionController::RoutingError (No route matches [GET] "/assets/dom-utils/isScrollParent.js"):
  
  
ActionController::RoutingError (No route matches [GET] "/assets/dom-utils/getDocumentElement.js"):
  
  
ActionController::RoutingError (No route matches [GET] "/assets/dom-utils/getComputedStyle.js"):
  
  
ActionController::RoutingError (No route matches [GET] "/assets/dom-utils/listScrollParents.js"):
  
  
ActionController::RoutingError (No route matches [GET] "/assets/dom-utils/getLayoutRect.js"):
  
  
ActionController::RoutingError (No route matches [GET] "/assets/dom-utils/getScrollParent.js"):
  
  
ActionController::RoutingError (No route matches [GET] "/assets/dom-utils/getParentNode.js"):
  
Started GET "/_/084d303b.js" for 127.0.0.1 at 2024-07-31 13:56:55 +0300
  
ActionController::RoutingError (No route matches [GET] "/assets/dom-utils/getOffsetParent.js"):
  
  
ActionController::RoutingError (No route matches [GET] "/_/084d303b.js"):
  
Started GET "/_/a9ca29ce.js" for 127.0.0.1 at 2024-07-31 13:56:55 +0300
  
ActionController::RoutingError (No route matches [GET] "/assets/dom-utils/getViewportRect.js"):
  
  
ActionController::RoutingError (No route matches [GET] "/assets/dom-utils/getDocumentRect.js"):
  
Started GET "/_/bb24ce41.js" for 127.0.0.1 at 2024-07-31 13:56:56 +0300
  
ActionController::RoutingError (No route matches [GET] "/_/bb24ce41.js"):
  
  
ActionController::RoutingError (No route matches [GET] "/_/a9ca29ce.js"):
  
Started GET "/_/2d19854a.js" for 127.0.0.1 at 2024-07-31 13:56:56 +0300
  
ActionController::RoutingError (No route matches [GET] "/assets/utils/detectOverflow.js"):
  
  
ActionController::RoutingError (No route matches [GET] "/_/2d19854a.js"):
  
Started GET "/_/1ba79728.js" for 127.0.0.1 at 2024-07-31 13:56:56 +0300
Started GET "/_/6a201025.js" for 127.0.0.1 at 2024-07-31 13:56:56 +0300
  
ActionController::RoutingError (No route matches [GET] "/_/1ba79728.js"):
  
  
ActionController::RoutingError (No route matches [GET] "/assets/utils/getMainAxisFromPlacement.js"):
  
  
ActionController::RoutingError (No route matches [GET] "/_/6a201025.js"):
  
  
ActionController::RoutingError (No route matches [GET] "/assets/utils/getOppositePlacement.js"):
  
  
ActionController::RoutingError (No route matches [GET] "/assets/utils/getOppositeVariationPlacement.js"):
  
  
ActionController::RoutingError (No route matches [GET] "/assets/utils/computeAutoPlacement.js"):
  
Started GET "/_/c7d11060.js" for 127.0.0.1 at 2024-07-31 13:56:56 +0300
  
ActionController::RoutingError (No route matches [GET] "/_/c7d11060.js"):
  
Started GET "/" for 127.0.0.1 at 2024-07-31 13:59:04 +0300
Processing by ApplicationController#index as HTML
  Rendering layout layouts/application.html.erb
  Rendering application/index.html.erb within layouts/application
  Rendered application/index.html.erb within layouts/application (Duration: 0.2ms | Allocations: 111)
  Rendered layout layouts/application.html.erb (Duration: 16.5ms | Allocations: 22429)
Completed 200 OK in 18ms (Views: 17.5ms | ActiveRecord: 0.0ms | Allocations: 23428)


Started GET "/" for 127.0.0.1 at 2024-07-31 13:59:08 +0300
Processing by ApplicationController#index as HTML
  Rendering layout layouts/application.html.erb
  Rendering application/index.html.erb within layouts/application
  Rendered application/index.html.erb within layouts/application (Duration: 0.0ms | Allocations: 6)
  Rendered layout layouts/application.html.erb (Duration: 4.9ms | Allocations: 4905)
Completed 200 OK in 6ms (Views: 5.3ms | ActiveRecord: 0.0ms | Allocations: 5152)


Started GET "/" for 127.0.0.1 at 2024-07-31 13:59:22 +0300
  [1m[36mActiveRecord::SchemaMigration Load (0.1ms)[0m  [1m[34mSELECT "schema_migrations"."version" FROM "schema_migrations" ORDER BY "schema_migrations"."version" ASC[0m
Processing by ApplicationController#index as HTML
  Rendering layout layouts/application.html.erb
  Rendering application/index.html.erb within layouts/application
  Rendered application/index.html.erb within layouts/application (Duration: 0.3ms | Allocations: 192)
  Rendered layout layouts/application.html.erb (Duration: 45.9ms | Allocations: 46778)
Completed 200 OK in 53ms (Views: 48.3ms | ActiveRecord: 0.0ms | Allocations: 51011)


Started GET "/" for 127.0.0.1 at 2024-07-31 14:00:18 +0300
Processing by ApplicationController#index as HTML
  Rendering layout layouts/application.html.erb
  Rendering application/index.html.erb within layouts/application
  Rendered application/index.html.erb within layouts/application (Duration: 0.4ms | Allocations: 111)
  Rendered layout layouts/application.html.erb (Duration: 14.7ms | Allocations: 23257)
Completed 200 OK in 17ms (Views: 15.8ms | ActiveRecord: 0.0ms | Allocations: 24275)


Started GET "/" for 127.0.0.1 at 2024-07-31 14:00:37 +0300
Processing by ApplicationController#index as HTML
  Rendering layout layouts/application.html.erb
  Rendering application/index.html.erb within layouts/application
  Rendered application/index.html.erb within layouts/application (Duration: 0.3ms | Allocations: 111)
  Rendered layout layouts/application.html.erb (Duration: 23.1ms | Allocations: 22346)
Completed 200 OK in 25ms (Views: 24.1ms | ActiveRecord: 0.0ms | Allocations: 23350)


Started GET "/" for 127.0.0.1 at 2024-07-31 14:00:38 +0300
Processing by ApplicationController#index as HTML
  Rendering layout layouts/application.html.erb
  Rendering application/index.html.erb within layouts/application
  Rendered application/index.html.erb within layouts/application (Duration: 0.0ms | Allocations: 6)
  Rendered layout layouts/application.html.erb (Duration: 10.0ms | Allocations: 4907)
Completed 200 OK in 11ms (Views: 10.7ms | ActiveRecord: 0.0ms | Allocations: 5160)


Started GET "/" for 127.0.0.1 at 2024-07-31 14:00:40 +0300
Processing by ApplicationController#index as HTML
  Rendering layout layouts/application.html.erb
  Rendering application/index.html.erb within layouts/application
  Rendered application/index.html.erb within layouts/application (Duration: 0.0ms | Allocations: 6)
  Rendered layout layouts/application.html.erb (Duration: 4.5ms | Allocations: 4926)
Completed 200 OK in 5ms (Views: 4.9ms | ActiveRecord: 0.0ms | Allocations: 5160)


Started GET "/" for 127.0.0.1 at 2024-07-31 14:00:41 +0300
Processing by ApplicationController#index as HTML
  Rendering layout layouts/application.html.erb
  Rendering application/index.html.erb within layouts/application
  Rendered application/index.html.erb within layouts/application (Duration: 0.0ms | Allocations: 6)
  Rendered layout layouts/application.html.erb (Duration: 4.7ms | Allocations: 4922)
Completed 200 OK in 5ms (Views: 5.0ms | ActiveRecord: 0.0ms | Allocations: 5150)


Started GET "/" for 127.0.0.1 at 2024-07-31 14:01:56 +0300
Processing by ApplicationController#index as HTML
  Rendering layout layouts/application.html.erb
  Rendering application/index.html.erb within layouts/application
  Rendered application/index.html.erb within layouts/application (Duration: 0.3ms | Allocations: 115)
  Rendered layout layouts/application.html.erb (Duration: 12.3ms | Allocations: 22359)
Completed 200 OK in 14ms (Views: 13.5ms | ActiveRecord: 0.0ms | Allocations: 23361)


Started GET "/" for 127.0.0.1 at 2024-07-31 14:02:22 +0300
Processing by ApplicationController#index as HTML
  Rendering layout layouts/application.html.erb
  Rendering application/index.html.erb within layouts/application
  Rendered application/index.html.erb within layouts/application (Duration: 0.0ms | Allocations: 6)
  Rendered layout layouts/application.html.erb (Duration: 8.9ms | Allocations: 4910)
Completed 200 OK in 10ms (Views: 9.4ms | ActiveRecord: 0.0ms | Allocations: 5156)


Started GET "/" for 127.0.0.1 at 2024-07-31 14:02:23 +0300
Processing by ApplicationController#index as HTML
  Rendering layout layouts/application.html.erb
  Rendering application/index.html.erb within layouts/application
  Rendered application/index.html.erb within layouts/application (Duration: 0.0ms | Allocations: 6)
  Rendered layout layouts/application.html.erb (Duration: 9.5ms | Allocations: 4898)
Completed 200 OK in 11ms (Views: 10.1ms | ActiveRecord: 0.0ms | Allocations: 5126)


Started GET "/" for 127.0.0.1 at 2024-07-31 14:02:23 +0300
Processing by ApplicationController#index as HTML
  Rendering layout layouts/application.html.erb
  Rendering application/index.html.erb within layouts/application
  Rendered application/index.html.erb within layouts/application (Duration: 0.0ms | Allocations: 6)
  Rendered layout layouts/application.html.erb (Duration: 4.4ms | Allocations: 4916)
Completed 200 OK in 5ms (Views: 4.7ms | ActiveRecord: 0.0ms | Allocations: 5144)


Started GET "/" for 127.0.0.1 at 2024-07-31 14:02:24 +0300
Processing by ApplicationController#index as HTML
  Rendering layout layouts/application.html.erb
  Rendering application/index.html.erb within layouts/application
  Rendered application/index.html.erb within layouts/application (Duration: 0.0ms | Allocations: 6)
  Rendered layout layouts/application.html.erb (Duration: 4.6ms | Allocations: 4907)
Completed 200 OK in 5ms (Views: 5.0ms | ActiveRecord: 0.0ms | Allocations: 5135)


Started GET "/" for 127.0.0.1 at 2024-07-31 14:02:35 +0300
  [1m[36mActiveRecord::SchemaMigration Load (0.2ms)[0m  [1m[34mSELECT "schema_migrations"."version" FROM "schema_migrations" ORDER BY "schema_migrations"."version" ASC[0m
Processing by ApplicationController#index as HTML
  Rendering layout layouts/application.html.erb
  Rendering application/index.html.erb within layouts/application
  Rendered application/index.html.erb within layouts/application (Duration: 0.3ms | Allocations: 192)
  Rendered layout layouts/application.html.erb (Duration: 46.6ms | Allocations: 46457)
Completed 200 OK in 53ms (Views: 48.7ms | ActiveRecord: 0.0ms | Allocations: 50690)


Started GET "/" for 127.0.0.1 at 2024-07-31 14:02:36 +0300
Processing by ApplicationController#index as HTML
  Rendering layout layouts/application.html.erb
  Rendering application/index.html.erb within layouts/application
  Rendered application/index.html.erb within layouts/application (Duration: 0.0ms | Allocations: 10)
  Rendered layout layouts/application.html.erb (Duration: 6.5ms | Allocations: 6094)
Completed 200 OK in 7ms (Views: 6.9ms | ActiveRecord: 0.0ms | Allocations: 6413)


Started GET "/" for 127.0.0.1 at 2024-07-31 14:02:37 +0300
Processing by ApplicationController#index as HTML
  Rendering layout layouts/application.html.erb
  Rendering application/index.html.erb within layouts/application
  Rendered application/index.html.erb within layouts/application (Duration: 0.0ms | Allocations: 9)
  Rendered layout layouts/application.html.erb (Duration: 10.2ms | Allocations: 4970)
Completed 200 OK in 11ms (Views: 10.8ms | ActiveRecord: 0.0ms | Allocations: 5242)


Started GET "/" for 127.0.0.1 at 2024-07-31 14:02:38 +0300
Processing by ApplicationController#index as HTML
  Rendering layout layouts/application.html.erb
  Rendering application/index.html.erb within layouts/application
  Rendered application/index.html.erb within layouts/application (Duration: 0.0ms | Allocations: 6)
  Rendered layout layouts/application.html.erb (Duration: 10.0ms | Allocations: 4920)
Completed 200 OK in 11ms (Views: 10.5ms | ActiveRecord: 0.0ms | Allocations: 5153)


Started GET "/" for 127.0.0.1 at 2024-07-31 14:02:38 +0300
Processing by ApplicationController#index as HTML
  Rendering layout layouts/application.html.erb
  Rendering application/index.html.erb within layouts/application
  Rendered application/index.html.erb within layouts/application (Duration: 0.0ms | Allocations: 6)
  Rendered layout layouts/application.html.erb (Duration: 10.3ms | Allocations: 4907)
Completed 200 OK in 11ms (Views: 11.0ms | ActiveRecord: 0.0ms | Allocations: 5135)


Started GET "/" for 127.0.0.1 at 2024-07-31 14:02:52 +0300
Processing by ApplicationController#index as HTML
  Rendering layout layouts/application.html.erb
  Rendering application/index.html.erb within layouts/application
  Rendered application/index.html.erb within layouts/application (Duration: 0.0ms | Allocations: 6)
  Rendered layout layouts/application.html.erb (Duration: 4.6ms | Allocations: 4920)
Completed 200 OK in 5ms (Views: 5.0ms | ActiveRecord: 0.0ms | Allocations: 5153)


Started GET "/" for 127.0.0.1 at 2024-07-31 14:02:52 +0300
Processing by ApplicationController#index as HTML
  Rendering layout layouts/application.html.erb
  Rendering application/index.html.erb within layouts/application
  Rendered application/index.html.erb within layouts/application (Duration: 0.0ms | Allocations: 6)
  Rendered layout layouts/application.html.erb (Duration: 7.8ms | Allocations: 4910)
Completed 200 OK in 9ms (Views: 8.4ms | ActiveRecord: 0.0ms | Allocations: 5138)


Started GET "/" for 127.0.0.1 at 2024-07-31 14:02:53 +0300
Processing by ApplicationController#index as HTML
  Rendering layout layouts/application.html.erb
  Rendering application/index.html.erb within layouts/application
  Rendered application/index.html.erb within layouts/application (Duration: 0.0ms | Allocations: 6)
  Rendered layout layouts/application.html.erb (Duration: 9.7ms | Allocations: 4907)
Completed 200 OK in 11ms (Views: 10.3ms | ActiveRecord: 0.0ms | Allocations: 5135)


Started GET "/" for 127.0.0.1 at 2024-07-31 14:04:32 +0300
Processing by ApplicationController#index as HTML
  Rendering layout layouts/application.html.erb
  Rendering application/index.html.erb within layouts/application
  Rendered application/index.html.erb within layouts/application (Duration: 0.2ms | Allocations: 111)
  Rendered layout layouts/application.html.erb (Duration: 24.2ms | Allocations: 24771)
Completed 200 OK in 26ms (Views: 25.1ms | ActiveRecord: 0.0ms | Allocations: 25770)


  
ActionController::RoutingError (No route matches [GET] "/assets/enums.js"):
  
Started GET "/_/a0ba12d2.js" for 127.0.0.1 at 2024-07-31 14:04:33 +0300
  
ActionController::RoutingError (No route matches [GET] "/assets/popper-lite.js"):
  
  
ActionController::RoutingError (No route matches [GET] "/assets/modifiers/index.js"):
  
  
ActionController::RoutingError (No route matches [GET] "/assets/utils/detectOverflow.js"):
  
  
ActionController::RoutingError (No route matches [GET] "/_/a0ba12d2.js"):
  
  
ActionController::RoutingError (No route matches [GET] "/assets/modifiers/arrow.js"):
  
  
ActionController::RoutingError (No route matches [GET] "/assets/modifiers/computeStyles.js"):
  
  
ActionController::RoutingError (No route matches [GET] "/assets/modifiers/eventListeners.js"):
  
  
ActionController::RoutingError (No route matches [GET] "/assets/modifiers/flip.js"):
  
  
ActionController::RoutingError (No route matches [GET] "/assets/modifiers/hide.js"):
  
  
ActionController::RoutingError (No route matches [GET] "/assets/modifiers/offset.js"):
  
  
ActionController::RoutingError (No route matches [GET] "/assets/modifiers/preventOverflow.js"):
  
  
ActionController::RoutingError (No route matches [GET] "/assets/modifiers/popperOffsets.js"):
  
Started GET "/_/7a91f8b9.js" for 127.0.0.1 at 2024-07-31 14:04:34 +0300
  
ActionController::RoutingError (No route matches [GET] "/assets/dom-utils/getCompositeRect.js"):
  
  
ActionController::RoutingError (No route matches [GET] "/_/7a91f8b9.js"):
  
Started GET "/_/7742d4ca.js" for 127.0.0.1 at 2024-07-31 14:04:34 +0300
  
ActionController::RoutingError (No route matches [GET] "/assets/dom-utils/instanceOf.js"):
  
  
ActionController::RoutingError (No route matches [GET] "/assets/dom-utils/getWindow.js"):
  
  
ActionController::RoutingError (No route matches [GET] "/_/7742d4ca.js"):
  
Started GET "/_/b8df2d1e.js" for 127.0.0.1 at 2024-07-31 14:04:34 +0300
  
ActionController::RoutingError (No route matches [GET] "/_/b8df2d1e.js"):
  
  
ActionController::RoutingError (No route matches [GET] "/assets/dom-utils/getNodeScroll.js"):
  
  
ActionController::RoutingError (No route matches [GET] "/assets/dom-utils/getHTMLElementScroll.js"):
  
  
ActionController::RoutingError (No route matches [GET] "/assets/dom-utils/getWindowScroll.js"):
  
  
ActionController::RoutingError (No route matches [GET] "/assets/dom-utils/getNodeName.js"):
  
  
ActionController::RoutingError (No route matches [GET] "/assets/dom-utils/getWindowScrollBarX.js"):
  
  
ActionController::RoutingError (No route matches [GET] "/assets/dom-utils/getDocumentElement.js"):
  
  
ActionController::RoutingError (No route matches [GET] "/assets/dom-utils/isScrollParent.js"):
  
  
ActionController::RoutingError (No route matches [GET] "/assets/dom-utils/getComputedStyle.js"):
  
  
ActionController::RoutingError (No route matches [GET] "/assets/dom-utils/getLayoutRect.js"):
  
  
ActionController::RoutingError (No route matches [GET] "/assets/dom-utils/listScrollParents.js"):
  
Started GET "/_/084d303b.js" for 127.0.0.1 at 2024-07-31 14:04:35 +0300
  
ActionController::RoutingError (No route matches [GET] "/assets/dom-utils/getScrollParent.js"):
  
  
ActionController::RoutingError (No route matches [GET] "/assets/dom-utils/getParentNode.js"):
  
  
ActionController::RoutingError (No route matches [GET] "/assets/dom-utils/getOffsetParent.js"):
  
  
ActionController::RoutingError (No route matches [GET] "/_/084d303b.js"):
  
Started GET "/_/a9ca29ce.js" for 127.0.0.1 at 2024-07-31 14:04:35 +0300
Started GET "/_/bb24ce41.js" for 127.0.0.1 at 2024-07-31 14:04:35 +0300
  
ActionController::RoutingError (No route matches [GET] "/assets/dom-utils/getDocumentRect.js"):
  
  
ActionController::RoutingError (No route matches [GET] "/_/a9ca29ce.js"):
  
  
ActionController::RoutingError (No route matches [GET] "/assets/dom-utils/getViewportRect.js"):
  
Started GET "/_/2d19854a.js" for 127.0.0.1 at 2024-07-31 14:04:36 +0300
  
ActionController::RoutingError (No route matches [GET] "/_/bb24ce41.js"):
  
Started GET "/_/c7d11060.js" for 127.0.0.1 at 2024-07-31 14:04:36 +0300
Started GET "/_/1ba79728.js" for 127.0.0.1 at 2024-07-31 14:04:36 +0300
  
ActionController::RoutingError (No route matches [GET] "/_/2d19854a.js"):
  
  
ActionController::RoutingError (No route matches [GET] "/_/1ba79728.js"):
  
  
ActionController::RoutingError (No route matches [GET] "/_/c7d11060.js"):
  
Started GET "/_/6a201025.js" for 127.0.0.1 at 2024-07-31 14:04:36 +0300
  
ActionController::RoutingError (No route matches [GET] "/assets/utils/getMainAxisFromPlacement.js"):
  
  
ActionController::RoutingError (No route matches [GET] "/_/6a201025.js"):
  
  
ActionController::RoutingError (No route matches [GET] "/assets/utils/computeAutoPlacement.js"):
  
  
ActionController::RoutingError (No route matches [GET] "/assets/utils/getOppositeVariationPlacement.js"):
  
  
ActionController::RoutingError (No route matches [GET] "/assets/utils/getOppositePlacement.js"):
  
  
ActionController::RoutingError (No route matches [GET] "/assets/modifiers/applyStyles.js"):
  
Started GET "/" for 127.0.0.1 at 2024-07-31 14:04:47 +0300
Processing by ApplicationController#index as HTML
  Rendering layout layouts/application.html.erb
  Rendering application/index.html.erb within layouts/application
  Rendered application/index.html.erb within layouts/application (Duration: 0.2ms | Allocations: 111)
  Rendered layout layouts/application.html.erb (Duration: 16.6ms | Allocations: 24863)
Completed 200 OK in 19ms (Views: 17.9ms | ActiveRecord: 0.0ms | Allocations: 25863)


  
ActionController::RoutingError (No route matches [GET] "/assets/enums.js"):
  
Started GET "/_/a0ba12d2.js" for 127.0.0.1 at 2024-07-31 14:04:47 +0300
  
ActionController::RoutingError (No route matches [GET] "/assets/modifiers/index.js"):
  
  
ActionController::RoutingError (No route matches [GET] "/_/a0ba12d2.js"):
  
  
ActionController::RoutingError (No route matches [GET] "/assets/modifiers/applyStyles.js"):
  
  
ActionController::RoutingError (No route matches [GET] "/assets/popper-lite.js"):
  
  
ActionController::RoutingError (No route matches [GET] "/assets/modifiers/arrow.js"):
  
  
ActionController::RoutingError (No route matches [GET] "/assets/modifiers/computeStyles.js"):
  
  
ActionController::RoutingError (No route matches [GET] "/assets/modifiers/eventListeners.js"):
  
  
ActionController::RoutingError (No route matches [GET] "/assets/modifiers/flip.js"):
  
  
ActionController::RoutingError (No route matches [GET] "/assets/modifiers/offset.js"):
  
  
ActionController::RoutingError (No route matches [GET] "/assets/modifiers/hide.js"):
  
  
ActionController::RoutingError (No route matches [GET] "/assets/modifiers/popperOffsets.js"):
  
Started GET "/" for 127.0.0.1 at 2024-07-31 14:04:48 +0300
  
ActionController::RoutingError (No route matches [GET] "/assets/modifiers/preventOverflow.js"):
  
  
ActionController::RoutingError (No route matches [GET] "/assets/dom-utils/getWindow.js"):
  
Processing by ApplicationController#index as HTML
  Rendering layout layouts/application.html.erb
  Rendering application/index.html.erb within layouts/application
  Rendered application/index.html.erb within layouts/application (Duration: 0.1ms | Allocations: 6)
  Rendered layout layouts/application.html.erb (Duration: 14.4ms | Allocations: 9595)
Completed 200 OK in 34ms (Views: 21.0ms | ActiveRecord: 0.0ms | Allocations: 24769)


  
ActionController::RoutingError (No route matches [GET] "/assets/enums.js"):
  
Started GET "/_/a0ba12d2.js" for 127.0.0.1 at 2024-07-31 14:04:48 +0300
  
ActionController::RoutingError (No route matches [GET] "/assets/modifiers/index.js"):
  
  
ActionController::RoutingError (No route matches [GET] "/_/a0ba12d2.js"):
  
  
ActionController::RoutingError (No route matches [GET] "/assets/modifiers/applyStyles.js"):
  
  
ActionController::RoutingError (No route matches [GET] "/assets/popper-lite.js"):
  
  
ActionController::RoutingError (No route matches [GET] "/assets/modifiers/arrow.js"):
  
  
ActionController::RoutingError (No route matches [GET] "/assets/modifiers/computeStyles.js"):
  
  
ActionController::RoutingError (No route matches [GET] "/assets/modifiers/eventListeners.js"):
  
  
ActionController::RoutingError (No route matches [GET] "/assets/modifiers/flip.js"):
  
  
ActionController::RoutingError (No route matches [GET] "/assets/modifiers/hide.js"):
  
  
ActionController::RoutingError (No route matches [GET] "/assets/modifiers/offset.js"):
  
Started GET "/_/7a91f8b9.js" for 127.0.0.1 at 2024-07-31 14:04:49 +0300
  
ActionController::RoutingError (No route matches [GET] "/assets/modifiers/preventOverflow.js"):
  
  
ActionController::RoutingError (No route matches [GET] "/assets/modifiers/popperOffsets.js"):
  
  
ActionController::RoutingError (No route matches [GET] "/_/7a91f8b9.js"):
  
  
ActionController::RoutingError (No route matches [GET] "/assets/dom-utils/getCompositeRect.js"):
  
Started GET "/_/7742d4ca.js" for 127.0.0.1 at 2024-07-31 14:04:49 +0300
  
ActionController::RoutingError (No route matches [GET] "/assets/dom-utils/instanceOf.js"):
  
  
ActionController::RoutingError (No route matches [GET] "/_/7742d4ca.js"):
  
Started GET "/_/b8df2d1e.js" for 127.0.0.1 at 2024-07-31 14:04:49 +0300
  
ActionController::RoutingError (No route matches [GET] "/assets/dom-utils/getWindow.js"):
  
  
ActionController::RoutingError (No route matches [GET] "/_/b8df2d1e.js"):
  
  
ActionController::RoutingError (No route matches [GET] "/assets/dom-utils/getNodeScroll.js"):
  
  
ActionController::RoutingError (No route matches [GET] "/assets/dom-utils/getHTMLElementScroll.js"):
  
  
ActionController::RoutingError (No route matches [GET] "/assets/dom-utils/getWindowScroll.js"):
  
  
ActionController::RoutingError (No route matches [GET] "/assets/dom-utils/getNodeName.js"):
  
  
ActionController::RoutingError (No route matches [GET] "/assets/dom-utils/getWindowScrollBarX.js"):
  
Started GET "/" for 127.0.0.1 at 2024-07-31 14:04:50 +0300
Processing by ApplicationController#index as HTML
  Rendering layout layouts/application.html.erb
  Rendering application/index.html.erb within layouts/application
  Rendered application/index.html.erb within layouts/application (Duration: 0.0ms | Allocations: 6)
  Rendered layout layouts/application.html.erb (Duration: 21.7ms | Allocations: 17282)
Completed 200 OK in 30ms (Views: 22.5ms | ActiveRecord: 0.0ms | Allocations: 23413)


  
ActionController::RoutingError (No route matches [GET] "/assets/enums.js"):
  
Started GET "/_/a0ba12d2.js" for 127.0.0.1 at 2024-07-31 14:04:50 +0300
  
ActionController::RoutingError (No route matches [GET] "/assets/modifiers/index.js"):
  
  
ActionController::RoutingError (No route matches [GET] "/_/a0ba12d2.js"):
  
  
ActionController::RoutingError (No route matches [GET] "/assets/popper-lite.js"):
  
  
ActionController::RoutingError (No route matches [GET] "/assets/modifiers/arrow.js"):
  
  
ActionController::RoutingError (No route matches [GET] "/assets/modifiers/applyStyles.js"):
  
  
ActionController::RoutingError (No route matches [GET] "/assets/modifiers/computeStyles.js"):
  
  
ActionController::RoutingError (No route matches [GET] "/assets/modifiers/eventListeners.js"):
  
  
ActionController::RoutingError (No route matches [GET] "/assets/modifiers/flip.js"):
  
  
ActionController::RoutingError (No route matches [GET] "/assets/modifiers/hide.js"):
  
  
ActionController::RoutingError (No route matches [GET] "/assets/modifiers/offset.js"):
  
Started GET "/_/a0ba12d2.js" for 127.0.0.1 at 2024-07-31 14:05:01 +0300
  
ActionController::RoutingError (No route matches [GET] "/assets/popper-lite.js"):
  
  
ActionController::RoutingError (No route matches [GET] "/assets/modifiers/index.js"):
  
  
ActionController::RoutingError (No route matches [GET] "/_/a0ba12d2.js"):
  
  
ActionController::RoutingError (No route matches [GET] "/assets/enums.js"):
  
  
ActionController::RoutingError (No route matches [GET] "/assets/utils/detectOverflow.js"):
  
  
ActionController::RoutingError (No route matches [GET] "/assets/modifiers/arrow.js"):
  
  
ActionController::RoutingError (No route matches [GET] "/assets/modifiers/eventListeners.js"):
  
  
ActionController::RoutingError (No route matches [GET] "/assets/modifiers/flip.js"):
  
  
ActionController::RoutingError (No route matches [GET] "/assets/modifiers/computeStyles.js"):
  
  
ActionController::RoutingError (No route matches [GET] "/assets/modifiers/hide.js"):
  
  
ActionController::RoutingError (No route matches [GET] "/assets/modifiers/offset.js"):
  
  
ActionController::RoutingError (No route matches [GET] "/assets/modifiers/popperOffsets.js"):
  
  
ActionController::RoutingError (No route matches [GET] "/assets/modifiers/preventOverflow.js"):
  
Started GET "/_/7a91f8b9.js" for 127.0.0.1 at 2024-07-31 14:05:02 +0300
  
ActionController::RoutingError (No route matches [GET] "/assets/dom-utils/getCompositeRect.js"):
  
  
ActionController::RoutingError (No route matches [GET] "/_/7a91f8b9.js"):
  
Started GET "/" for 127.0.0.1 at 2024-07-31 14:05:02 +0300
Processing by ApplicationController#index as HTML
  Rendering layout layouts/application.html.erb
  Rendering application/index.html.erb within layouts/application
  Rendered application/index.html.erb within layouts/application (Duration: 0.2ms | Allocations: 112)
  Rendered layout layouts/application.html.erb (Duration: 47.1ms | Allocations: 48797)
Completed 200 OK in 51ms (Views: 48.3ms | ActiveRecord: 0.0ms | Allocations: 50708)


  
ActionController::RoutingError (No route matches [GET] "/assets/enums.js"):
  
Started GET "/_/a0ba12d2.js" for 127.0.0.1 at 2024-07-31 14:05:03 +0300
  
ActionController::RoutingError (No route matches [GET] "/assets/modifiers/index.js"):
  
  
ActionController::RoutingError (No route matches [GET] "/_/a0ba12d2.js"):
  
  
ActionController::RoutingError (No route matches [GET] "/assets/popper-lite.js"):
  
  
ActionController::RoutingError (No route matches [GET] "/assets/modifiers/applyStyles.js"):
  
  
ActionController::RoutingError (No route matches [GET] "/assets/modifiers/arrow.js"):
  
  
ActionController::RoutingError (No route matches [GET] "/assets/modifiers/eventListeners.js"):
  
  
ActionController::RoutingError (No route matches [GET] "/assets/modifiers/computeStyles.js"):
  
  
ActionController::RoutingError (No route matches [GET] "/assets/modifiers/flip.js"):
  
  
ActionController::RoutingError (No route matches [GET] "/assets/modifiers/hide.js"):
  
  
ActionController::RoutingError (No route matches [GET] "/assets/modifiers/offset.js"):
  
  
ActionController::RoutingError (No route matches [GET] "/assets/modifiers/popperOffsets.js"):
  
  
ActionController::RoutingError (No route matches [GET] "/assets/modifiers/preventOverflow.js"):
  
Started GET "/_/7a91f8b9.js" for 127.0.0.1 at 2024-07-31 14:05:04 +0300
  
ActionController::RoutingError (No route matches [GET] "/assets/dom-utils/getCompositeRect.js"):
  
Started GET "/_/7742d4ca.js" for 127.0.0.1 at 2024-07-31 14:05:04 +0300
  
ActionController::RoutingError (No route matches [GET] "/_/7a91f8b9.js"):
  
  
ActionController::RoutingError (No route matches [GET] "/assets/dom-utils/instanceOf.js"):
  
  
ActionController::RoutingError (No route matches [GET] "/assets/dom-utils/getWindow.js"):
  
Started GET "/_/b8df2d1e.js" for 127.0.0.1 at 2024-07-31 14:05:04 +0300
  
ActionController::RoutingError (No route matches [GET] "/_/7742d4ca.js"):
  
  
ActionController::RoutingError (No route matches [GET] "/_/b8df2d1e.js"):
  
  
ActionController::RoutingError (No route matches [GET] "/assets/dom-utils/getWindowScroll.js"):
  
  
ActionController::RoutingError (No route matches [GET] "/assets/dom-utils/getNodeScroll.js"):
  
  
ActionController::RoutingError (No route matches [GET] "/assets/dom-utils/getHTMLElementScroll.js"):
  
  
ActionController::RoutingError (No route matches [GET] "/assets/dom-utils/getNodeName.js"):
  
  
ActionController::RoutingError (No route matches [GET] "/assets/dom-utils/getWindowScrollBarX.js"):
  
  
ActionController::RoutingError (No route matches [GET] "/assets/dom-utils/getDocumentElement.js"):
  
  
ActionController::RoutingError (No route matches [GET] "/assets/dom-utils/isScrollParent.js"):
  
  
ActionController::RoutingError (No route matches [GET] "/assets/dom-utils/getComputedStyle.js"):
  
  
ActionController::RoutingError (No route matches [GET] "/assets/dom-utils/getLayoutRect.js"):
  
  
ActionController::RoutingError (No route matches [GET] "/assets/dom-utils/getOffsetParent.js"):
  
  
ActionController::RoutingError (No route matches [GET] "/assets/dom-utils/listScrollParents.js"):
  
Started GET "/_/084d303b.js" for 127.0.0.1 at 2024-07-31 14:05:05 +0300
  
ActionController::RoutingError (No route matches [GET] "/assets/dom-utils/getParentNode.js"):
  
  
ActionController::RoutingError (No route matches [GET] "/assets/dom-utils/getScrollParent.js"):
  
  
ActionController::RoutingError (No route matches [GET] "/_/084d303b.js"):
  
Started GET "/_/a9ca29ce.js" for 127.0.0.1 at 2024-07-31 14:05:05 +0300
  
ActionController::RoutingError (No route matches [GET] "/assets/dom-utils/getViewportRect.js"):
  
Started GET "/_/bb24ce41.js" for 127.0.0.1 at 2024-07-31 14:05:06 +0300
  
ActionController::RoutingError (No route matches [GET] "/assets/dom-utils/getDocumentRect.js"):
  
Started GET "/_/2d19854a.js" for 127.0.0.1 at 2024-07-31 14:05:06 +0300
  
ActionController::RoutingError (No route matches [GET] "/_/bb24ce41.js"):
  
  
ActionController::RoutingError (No route matches [GET] "/_/a9ca29ce.js"):
  
  
ActionController::RoutingError (No route matches [GET] "/_/2d19854a.js"):
  
Started GET "/_/c7d11060.js" for 127.0.0.1 at 2024-07-31 14:05:06 +0300
  
ActionController::RoutingError (No route matches [GET] "/_/c7d11060.js"):
  
Started GET "/_/1ba79728.js" for 127.0.0.1 at 2024-07-31 14:05:06 +0300
  
ActionController::RoutingError (No route matches [GET] "/_/1ba79728.js"):
  
Started GET "/_/6a201025.js" for 127.0.0.1 at 2024-07-31 14:05:06 +0300
  
ActionController::RoutingError (No route matches [GET] "/assets/utils/getMainAxisFromPlacement.js"):
  
  
ActionController::RoutingError (No route matches [GET] "/assets/utils/getOppositePlacement.js"):
  
  
ActionController::RoutingError (No route matches [GET] "/_/6a201025.js"):
  
  
ActionController::RoutingError (No route matches [GET] "/assets/utils/computeAutoPlacement.js"):
  
  
ActionController::RoutingError (No route matches [GET] "/assets/utils/getOppositeVariationPlacement.js"):
  
  
ActionController::RoutingError (No route matches [GET] "/assets/utils/detectOverflow.js"):
  
Started GET "/" for 127.0.0.1 at 2024-07-31 14:06:15 +0300
Processing by ApplicationController#index as HTML
  Rendering layout layouts/application.html.erb
  Rendering application/index.html.erb within layouts/application
  Rendered application/index.html.erb within layouts/application (Duration: 0.4ms | Allocations: 111)
  Rendered layout layouts/application.html.erb (Duration: 25.4ms | Allocations: 24885)
Completed 200 OK in 29ms (Views: 28.1ms | ActiveRecord: 0.0ms | Allocations: 25889)


  
ActionController::RoutingError (No route matches [GET] "/assets/enums.js"):
  
Started GET "/_/a0ba12d2.js" for 127.0.0.1 at 2024-07-31 14:06:15 +0300
  
ActionController::RoutingError (No route matches [GET] "/_/a0ba12d2.js"):
  
  
ActionController::RoutingError (No route matches [GET] "/assets/modifiers/index.js"):
  
  
ActionController::RoutingError (No route matches [GET] "/assets/popper-lite.js"):
  
  
ActionController::RoutingError (No route matches [GET] "/assets/modifiers/applyStyles.js"):
  
  
ActionController::RoutingError (No route matches [GET] "/assets/modifiers/arrow.js"):
  
  
ActionController::RoutingError (No route matches [GET] "/assets/modifiers/computeStyles.js"):
  
  
ActionController::RoutingError (No route matches [GET] "/assets/modifiers/flip.js"):
  
  
ActionController::RoutingError (No route matches [GET] "/assets/modifiers/eventListeners.js"):
  
  
ActionController::RoutingError (No route matches [GET] "/assets/modifiers/hide.js"):
  
Started GET "/" for 127.0.0.1 at 2024-07-31 14:06:16 +0300
  
ActionController::RoutingError (No route matches [GET] "/assets/modifiers/offset.js"):
  
Processing by ApplicationController#index as HTML
  Rendering layout layouts/application.html.erb
  Rendering application/index.html.erb within layouts/application
  Rendered application/index.html.erb within layouts/application (Duration: 0.8ms | Allocations: 288)
  Rendered layout layouts/application.html.erb (Duration: 26.7ms | Allocations: 16969)
Completed 200 OK in 29ms (Views: 27.8ms | ActiveRecord: 0.0ms | Allocations: 17368)


  
ActionController::RoutingError (No route matches [GET] "/assets/enums.js"):
  
Started GET "/_/a0ba12d2.js" for 127.0.0.1 at 2024-07-31 14:06:16 +0300
  
ActionController::RoutingError (No route matches [GET] "/assets/modifiers/index.js"):
  
  
ActionController::RoutingError (No route matches [GET] "/_/a0ba12d2.js"):
  
  
ActionController::RoutingError (No route matches [GET] "/assets/popper-lite.js"):
  
  
ActionController::RoutingError (No route matches [GET] "/assets/modifiers/arrow.js"):
  
  
ActionController::RoutingError (No route matches [GET] "/assets/modifiers/applyStyles.js"):
  
  
ActionController::RoutingError (No route matches [GET] "/assets/modifiers/eventListeners.js"):
  
  
ActionController::RoutingError (No route matches [GET] "/assets/modifiers/computeStyles.js"):
  
  
ActionController::RoutingError (No route matches [GET] "/assets/modifiers/flip.js"):
  
  
ActionController::RoutingError (No route matches [GET] "/assets/modifiers/hide.js"):
  
  
ActionController::RoutingError (No route matches [GET] "/assets/modifiers/offset.js"):
  
  
ActionController::RoutingError (No route matches [GET] "/assets/modifiers/popperOffsets.js"):
  
Started GET "/_/7a91f8b9.js" for 127.0.0.1 at 2024-07-31 14:06:17 +0300
  
ActionController::RoutingError (No route matches [GET] "/assets/modifiers/preventOverflow.js"):
  
  
ActionController::RoutingError (No route matches [GET] "/assets/dom-utils/getCompositeRect.js"):
  
  
ActionController::RoutingError (No route matches [GET] "/_/7a91f8b9.js"):
  
  
ActionController::RoutingError (No route matches [GET] "/assets/dom-utils/instanceOf.js"):
  
  
ActionController::RoutingError (No route matches [GET] "/assets/dom-utils/getWindow.js"):
  
Started GET "/_/7742d4ca.js" for 127.0.0.1 at 2024-07-31 14:06:18 +0300
Started GET "/_/b8df2d1e.js" for 127.0.0.1 at 2024-07-31 14:06:18 +0300
  
ActionController::RoutingError (No route matches [GET] "/_/7742d4ca.js"):
  
  
ActionController::RoutingError (No route matches [GET] "/assets/dom-utils/getNodeScroll.js"):
  
  
ActionController::RoutingError (No route matches [GET] "/_/b8df2d1e.js"):
  
  
ActionController::RoutingError (No route matches [GET] "/assets/dom-utils/getWindowScroll.js"):
  
  
ActionController::RoutingError (No route matches [GET] "/assets/dom-utils/getHTMLElementScroll.js"):
  
  
ActionController::RoutingError (No route matches [GET] "/assets/dom-utils/getNodeName.js"):
  
  
ActionController::RoutingError (No route matches [GET] "/assets/dom-utils/getWindowScrollBarX.js"):
  
  
ActionController::RoutingError (No route matches [GET] "/assets/dom-utils/isScrollParent.js"):
  
  
ActionController::RoutingError (No route matches [GET] "/assets/dom-utils/getDocumentElement.js"):
  
  
ActionController::RoutingError (No route matches [GET] "/assets/dom-utils/getComputedStyle.js"):
  
  
ActionController::RoutingError (No route matches [GET] "/assets/dom-utils/getLayoutRect.js"):
  
  
ActionController::RoutingError (No route matches [GET] "/assets/dom-utils/listScrollParents.js"):
  
  
ActionController::RoutingError (No route matches [GET] "/assets/dom-utils/getParentNode.js"):
  
Started GET "/_/084d303b.js" for 127.0.0.1 at 2024-07-31 14:06:19 +0300
  
ActionController::RoutingError (No route matches [GET] "/assets/dom-utils/getScrollParent.js"):
  
  
ActionController::RoutingError (No route matches [GET] "/assets/dom-utils/getOffsetParent.js"):
  
  
ActionController::RoutingError (No route matches [GET] "/_/084d303b.js"):
  
  
ActionController::RoutingError (No route matches [GET] "/assets/dom-utils/getDocumentRect.js"):
  
Started GET "/_/a9ca29ce.js" for 127.0.0.1 at 2024-07-31 14:06:19 +0300
  
ActionController::RoutingError (No route matches [GET] "/assets/dom-utils/getViewportRect.js"):
  
Started GET "/_/bb24ce41.js" for 127.0.0.1 at 2024-07-31 14:06:19 +0300
Started GET "/_/2d19854a.js" for 127.0.0.1 at 2024-07-31 14:06:19 +0300
  
ActionController::RoutingError (No route matches [GET] "/_/a9ca29ce.js"):
  
  
ActionController::RoutingError (No route matches [GET] "/_/bb24ce41.js"):
  
Started GET "/_/c7d11060.js" for 127.0.0.1 at 2024-07-31 14:06:19 +0300
  
ActionController::RoutingError (No route matches [GET] "/_/2d19854a.js"):
  
Started GET "/_/1ba79728.js" for 127.0.0.1 at 2024-07-31 14:06:20 +0300
  
ActionController::RoutingError (No route matches [GET] "/_/c7d11060.js"):
  
  
ActionController::RoutingError (No route matches [GET] "/assets/utils/getMainAxisFromPlacement.js"):
  
Started GET "/_/6a201025.js" for 127.0.0.1 at 2024-07-31 14:06:20 +0300
  
ActionController::RoutingError (No route matches [GET] "/_/1ba79728.js"):
  
  
ActionController::RoutingError (No route matches [GET] "/_/6a201025.js"):
  
  
ActionController::RoutingError (No route matches [GET] "/assets/utils/getOppositePlacement.js"):
  
  
ActionController::RoutingError (No route matches [GET] "/assets/utils/getOppositeVariationPlacement.js"):
  
  
ActionController::RoutingError (No route matches [GET] "/assets/utils/computeAutoPlacement.js"):
  
  
ActionController::RoutingError (No route matches [GET] "/assets/utils/detectOverflow.js"):
  
Started GET "/" for 127.0.0.1 at 2024-07-31 14:07:36 +0300
Processing by ApplicationController#index as HTML
  Rendering layout layouts/application.html.erb
  Rendering application/index.html.erb within layouts/application
  Rendered application/index.html.erb within layouts/application (Duration: 0.4ms | Allocations: 111)
  Rendered layout layouts/application.html.erb (Duration: 30.7ms | Allocations: 22494)
Completed 200 OK in 34ms (Views: 33.0ms | ActiveRecord: 0.0ms | Allocations: 23493)


Started GET "/" for 127.0.0.1 at 2024-07-31 14:07:39 +0300
Processing by ApplicationController#index as HTML
  Rendering layout layouts/application.html.erb
  Rendering application/index.html.erb within layouts/application
  Rendered application/index.html.erb within layouts/application (Duration: 0.0ms | Allocations: 6)
  Rendered layout layouts/application.html.erb (Duration: 8.1ms | Allocations: 4913)
Completed 200 OK in 9ms (Views: 8.7ms | ActiveRecord: 0.0ms | Allocations: 5159)


Started GET "/" for 127.0.0.1 at 2024-07-31 14:07:40 +0300
Processing by ApplicationController#index as HTML
  Rendering layout layouts/application.html.erb
  Rendering application/index.html.erb within layouts/application
  Rendered application/index.html.erb within layouts/application (Duration: 0.0ms | Allocations: 6)
  Rendered layout layouts/application.html.erb (Duration: 7.2ms | Allocations: 4907)
Completed 200 OK in 8ms (Views: 7.6ms | ActiveRecord: 0.0ms | Allocations: 5135)


Started GET "/" for 127.0.0.1 at 2024-07-31 14:08:28 +0300
Processing by ApplicationController#index as HTML
  Rendering layout layouts/application.html.erb
  Rendering application/index.html.erb within layouts/application
  Rendered application/index.html.erb within layouts/application (Duration: 0.2ms | Allocations: 111)
  Rendered layout layouts/application.html.erb (Duration: 13.9ms | Allocations: 22234)
Completed 200 OK in 15ms (Views: 14.8ms | ActiveRecord: 0.0ms | Allocations: 23236)


Started GET "/" for 127.0.0.1 at 2024-07-31 14:08:42 +0300
Processing by ApplicationController#index as HTML
  Rendering layout layouts/application.html.erb
  Rendering application/index.html.erb within layouts/application
  Rendered application/index.html.erb within layouts/application (Duration: 0.4ms | Allocations: 111)
  Rendered layout layouts/application.html.erb (Duration: 31.6ms | Allocations: 22288)
Completed 200 OK in 35ms (Views: 33.4ms | ActiveRecord: 0.0ms | Allocations: 23286)


Started GET "/" for 127.0.0.1 at 2024-07-31 14:09:15 +0300
Processing by ApplicationController#index as HTML
  Rendering layout layouts/application.html.erb
  Rendering application/index.html.erb within layouts/application
  Rendered application/index.html.erb within layouts/application (Duration: 0.4ms | Allocations: 111)
  Rendered layout layouts/application.html.erb (Duration: 28.1ms | Allocations: 22413)
Completed 200 OK in 31ms (Views: 30.2ms | ActiveRecord: 0.0ms | Allocations: 23412)


Started GET "/" for 127.0.0.1 at 2024-07-31 14:10:02 +0300
Processing by ApplicationController#index as HTML
  Rendering layout layouts/application.html.erb
  Rendering application/index.html.erb within layouts/application
  Rendered application/index.html.erb within layouts/application (Duration: 0.2ms | Allocations: 129)
  Rendered layout layouts/application.html.erb (Duration: 14.0ms | Allocations: 22262)
Completed 200 OK in 16ms (Views: 15.0ms | ActiveRecord: 0.0ms | Allocations: 23264)


Started GET "/" for 127.0.0.1 at 2024-07-31 14:10:12 +0300
Processing by ApplicationController#index as HTML
  Rendering layout layouts/application.html.erb
  Rendering application/index.html.erb within layouts/application
  Rendered application/index.html.erb within layouts/application (Duration: 0.2ms | Allocations: 125)
  Rendered layout layouts/application.html.erb (Duration: 14.7ms | Allocations: 22416)
Completed 200 OK in 16ms (Views: 15.7ms | ActiveRecord: 0.0ms | Allocations: 23414)


Started GET "/" for 127.0.0.1 at 2024-07-31 14:11:24 +0300
Processing by ApplicationController#index as */*
  Rendering layout layouts/application.html.erb
  Rendering application/index.html.erb within layouts/application
  Rendered application/index.html.erb within layouts/application (Duration: 0.0ms | Allocations: 7)
  Rendered layout layouts/application.html.erb (Duration: 5.1ms | Allocations: 4802)
Completed 200 OK in 6ms (Views: 5.7ms | ActiveRecord: 0.0ms | Allocations: 5133)


  [1m[35m (38.3ms)[0m  [1m[35mCREATE DATABASE "template_development" ENCODING = 'unicode'[0m
  [1m[35m (29.4ms)[0m  [1m[35mCREATE DATABASE "template_test" ENCODING = 'unicode'[0m
  [1m[35mSQL (0.4ms)[0m  [1m[35mCREATE EXTENSION IF NOT EXISTS "plpgsql"[0m
  [1m[35m (0.1ms)[0m  [1m[35mDROP TABLE IF EXISTS "action_text_rich_texts" CASCADE[0m
  [1m[35m (10.4ms)[0m  [1m[35mCREATE TABLE "action_text_rich_texts" ("id" bigserial primary key, "name" character varying NOT NULL, "body" text, "record_type" character varying NOT NULL, "record_id" bigint NOT NULL, "created_at" timestamp(6) NOT NULL, "updated_at" timestamp(6) NOT NULL)[0m
  [1m[35m (4.7ms)[0m  [1m[35mCREATE UNIQUE INDEX "index_action_text_rich_texts_uniqueness" ON "action_text_rich_texts" ("record_type", "record_id", "name")[0m
  [1m[35m (0.1ms)[0m  [1m[35mDROP TABLE IF EXISTS "active_storage_attachments" CASCADE[0m
  [1m[35m (9.3ms)[0m  [1m[35mCREATE TABLE "active_storage_attachments" ("id" bigserial primary key, "name" character varying NOT NULL, "record_type" character varying NOT NULL, "record_id" bigint NOT NULL, "blob_id" bigint NOT NULL, "created_at" timestamp(6) NOT NULL)[0m
  [1m[35m (5.2ms)[0m  [1m[35mCREATE INDEX "index_active_storage_attachments_on_blob_id" ON "active_storage_attachments" ("blob_id")[0m
  [1m[35m (5.1ms)[0m  [1m[35mCREATE UNIQUE INDEX "index_active_storage_attachments_uniqueness" ON "active_storage_attachments" ("record_type", "record_id", "name", "blob_id")[0m
  [1m[35m (0.4ms)[0m  [1m[35mDROP TABLE IF EXISTS "active_storage_blobs" CASCADE[0m
  [1m[35m (9.3ms)[0m  [1m[35mCREATE TABLE "active_storage_blobs" ("id" bigserial primary key, "key" character varying NOT NULL, "filename" character varying NOT NULL, "content_type" character varying, "metadata" text, "service_name" character varying NOT NULL, "byte_size" bigint NOT NULL, "checksum" character varying, "created_at" timestamp(6) NOT NULL)[0m
  [1m[35m (5.7ms)[0m  [1m[35mCREATE UNIQUE INDEX "index_active_storage_blobs_on_key" ON "active_storage_blobs" ("key")[0m
  [1m[35m (0.2ms)[0m  [1m[35mDROP TABLE IF EXISTS "active_storage_variant_records" CASCADE[0m
  [1m[35m (8.9ms)[0m  [1m[35mCREATE TABLE "active_storage_variant_records" ("id" bigserial primary key, "blob_id" bigint NOT NULL, "variation_digest" character varying NOT NULL)[0m
  [1m[35m (5.5ms)[0m  [1m[35mCREATE UNIQUE INDEX "index_active_storage_variant_records_uniqueness" ON "active_storage_variant_records" ("blob_id", "variation_digest")[0m
  [1m[35m (0.4ms)[0m  [1m[35mDROP TABLE IF EXISTS "users" CASCADE[0m
  [1m[35m (9.3ms)[0m  [1m[35mCREATE TABLE "users" ("id" bigserial primary key, "email" character varying DEFAULT '' NOT NULL, "encrypted_password" character varying DEFAULT '' NOT NULL, "reset_password_token" character varying, "reset_password_sent_at" timestamp(6), "remember_created_at" timestamp(6), "created_at" timestamp(6) NOT NULL, "updated_at" timestamp(6) NOT NULL, "name" character varying, "gender" character varying, "phone" character varying, "image" character varying)[0m
  [1m[35m (5.0ms)[0m  [1m[35mCREATE UNIQUE INDEX "index_users_on_email" ON "users" ("email")[0m
  [1m[35m (4.7ms)[0m  [1m[35mCREATE UNIQUE INDEX "index_users_on_reset_password_token" ON "users" ("reset_password_token")[0m
  [1m[35m (2.3ms)[0m  [1m[35mALTER TABLE "active_storage_attachments" ADD CONSTRAINT "fk_rails_c3b3935057"
FOREIGN KEY ("blob_id")
  REFERENCES "active_storage_blobs" ("id")
[0m
  [1m[35m (1.8ms)[0m  [1m[35mALTER TABLE "active_storage_variant_records" ADD CONSTRAINT "fk_rails_993965df05"
FOREIGN KEY ("blob_id")
  REFERENCES "active_storage_blobs" ("id")
[0m
  [1m[35m (9.0ms)[0m  [1m[35mCREATE TABLE "schema_migrations" ("version" character varying NOT NULL PRIMARY KEY)[0m
  [1m[36mActiveRecord::SchemaMigration Load (0.7ms)[0m  [1m[34mSELECT "schema_migrations"."version" FROM "schema_migrations" ORDER BY "schema_migrations"."version" ASC[0m
  [1m[35m (1.5ms)[0m  [1m[32mINSERT INTO "schema_migrations" (version) VALUES (20240124172813)[0m
  [1m[35m (1.3ms)[0m  [1m[32mINSERT INTO "schema_migrations" (version) VALUES
(20231004111920),
(20231004111918);[0m
  [1m[35m (9.1ms)[0m  [1m[35mCREATE TABLE "ar_internal_metadata" ("key" character varying NOT NULL PRIMARY KEY, "value" character varying, "created_at" timestamp(6) NOT NULL, "updated_at" timestamp(6) NOT NULL)[0m
  [1m[36mActiveRecord::InternalMetadata Load (0.8ms)[0m  [1m[34mSELECT * FROM "ar_internal_metadata" WHERE "ar_internal_metadata"."key" = $1 ORDER BY "ar_internal_metadata"."key" ASC LIMIT 1[0m  [[nil, "environment"]]
  [1m[36mActiveRecord::InternalMetadata Create (1.5ms)[0m  [1m[32mINSERT INTO "ar_internal_metadata" ("key", "value", "created_at", "updated_at") VALUES ('environment', 'development', '2024-07-31 11:36:30.122696', '2024-07-31 11:36:30.122701') RETURNING "key"[0m
  [1m[36mActiveRecord::InternalMetadata Load (0.4ms)[0m  [1m[34mSELECT * FROM "ar_internal_metadata" WHERE "ar_internal_metadata"."key" = $1 ORDER BY "ar_internal_metadata"."key" ASC LIMIT 1[0m  [[nil, "environment"]]
  [1m[36mActiveRecord::InternalMetadata Load (0.3ms)[0m  [1m[34mSELECT * FROM "ar_internal_metadata" WHERE "ar_internal_metadata"."key" = $1 ORDER BY "ar_internal_metadata"."key" ASC LIMIT 1[0m  [[nil, "schema_sha1"]]
  [1m[36mActiveRecord::InternalMetadata Create (1.3ms)[0m  [1m[32mINSERT INTO "ar_internal_metadata" ("key", "value", "created_at", "updated_at") VALUES ('schema_sha1', '0b2e21f1b14caa4761d8b25d79b72217920c6e5e', '2024-07-31 11:36:30.127900', '2024-07-31 11:36:30.127904') RETURNING "key"[0m
  [1m[35mSQL (0.4ms)[0m  [1m[35mCREATE EXTENSION IF NOT EXISTS "plpgsql"[0m
  [1m[35m (0.2ms)[0m  [1m[35mDROP TABLE IF EXISTS "action_text_rich_texts" CASCADE[0m
  [1m[35m (15.2ms)[0m  [1m[35mCREATE TABLE "action_text_rich_texts" ("id" bigserial primary key, "name" character varying NOT NULL, "body" text, "record_type" character varying NOT NULL, "record_id" bigint NOT NULL, "created_at" timestamp(6) NOT NULL, "updated_at" timestamp(6) NOT NULL)[0m
  [1m[35m (10.2ms)[0m  [1m[35mCREATE UNIQUE INDEX "index_action_text_rich_texts_uniqueness" ON "action_text_rich_texts" ("record_type", "record_id", "name")[0m
  [1m[35m (0.4ms)[0m  [1m[35mDROP TABLE IF EXISTS "active_storage_attachments" CASCADE[0m
  [1m[35m (11.6ms)[0m  [1m[35mCREATE TABLE "active_storage_attachments" ("id" bigserial primary key, "name" character varying NOT NULL, "record_type" character varying NOT NULL, "record_id" bigint NOT NULL, "blob_id" bigint NOT NULL, "created_at" timestamp(6) NOT NULL)[0m
  [1m[35m (6.3ms)[0m  [1m[35mCREATE INDEX "index_active_storage_attachments_on_blob_id" ON "active_storage_attachments" ("blob_id")[0m
  [1m[35m (5.8ms)[0m  [1m[35mCREATE UNIQUE INDEX "index_active_storage_attachments_uniqueness" ON "active_storage_attachments" ("record_type", "record_id", "name", "blob_id")[0m
  [1m[35m (0.2ms)[0m  [1m[35mDROP TABLE IF EXISTS "active_storage_blobs" CASCADE[0m
  [1m[35m (10.5ms)[0m  [1m[35mCREATE TABLE "active_storage_blobs" ("id" bigserial primary key, "key" character varying NOT NULL, "filename" character varying NOT NULL, "content_type" character varying, "metadata" text, "service_name" character varying NOT NULL, "byte_size" bigint NOT NULL, "checksum" character varying, "created_at" timestamp(6) NOT NULL)[0m
  [1m[35m (4.7ms)[0m  [1m[35mCREATE UNIQUE INDEX "index_active_storage_blobs_on_key" ON "active_storage_blobs" ("key")[0m
  [1m[35m (0.2ms)[0m  [1m[35mDROP TABLE IF EXISTS "active_storage_variant_records" CASCADE[0m
  [1m[35m (8.5ms)[0m  [1m[35mCREATE TABLE "active_storage_variant_records" ("id" bigserial primary key, "blob_id" bigint NOT NULL, "variation_digest" character varying NOT NULL)[0m
  [1m[35m (5.0ms)[0m  [1m[35mCREATE UNIQUE INDEX "index_active_storage_variant_records_uniqueness" ON "active_storage_variant_records" ("blob_id", "variation_digest")[0m
  [1m[35m (0.3ms)[0m  [1m[35mDROP TABLE IF EXISTS "users" CASCADE[0m
  [1m[35m (9.6ms)[0m  [1m[35mCREATE TABLE "users" ("id" bigserial primary key, "email" character varying DEFAULT '' NOT NULL, "encrypted_password" character varying DEFAULT '' NOT NULL, "reset_password_token" character varying, "reset_password_sent_at" timestamp(6), "remember_created_at" timestamp(6), "created_at" timestamp(6) NOT NULL, "updated_at" timestamp(6) NOT NULL, "name" character varying, "gender" character varying, "phone" character varying, "image" character varying)[0m
  [1m[35m (4.7ms)[0m  [1m[35mCREATE UNIQUE INDEX "index_users_on_email" ON "users" ("email")[0m
  [1m[35m (4.8ms)[0m  [1m[35mCREATE UNIQUE INDEX "index_users_on_reset_password_token" ON "users" ("reset_password_token")[0m
  [1m[35m (2.3ms)[0m  [1m[35mALTER TABLE "active_storage_attachments" ADD CONSTRAINT "fk_rails_c3b3935057"
FOREIGN KEY ("blob_id")
  REFERENCES "active_storage_blobs" ("id")
[0m
  [1m[35m (1.8ms)[0m  [1m[35mALTER TABLE "active_storage_variant_records" ADD CONSTRAINT "fk_rails_993965df05"
FOREIGN KEY ("blob_id")
  REFERENCES "active_storage_blobs" ("id")
[0m
  [1m[35m (8.4ms)[0m  [1m[35mCREATE TABLE "schema_migrations" ("version" character varying NOT NULL PRIMARY KEY)[0m
  [1m[36mActiveRecord::SchemaMigration Load (0.4ms)[0m  [1m[34mSELECT "schema_migrations"."version" FROM "schema_migrations" ORDER BY "schema_migrations"."version" ASC[0m
  [1m[35m (1.3ms)[0m  [1m[32mINSERT INTO "schema_migrations" (version) VALUES (20240124172813)[0m
  [1m[35m (1.2ms)[0m  [1m[32mINSERT INTO "schema_migrations" (version) VALUES
(20231004111920),
(20231004111918);[0m
  [1m[35m (8.3ms)[0m  [1m[35mCREATE TABLE "ar_internal_metadata" ("key" character varying NOT NULL PRIMARY KEY, "value" character varying, "created_at" timestamp(6) NOT NULL, "updated_at" timestamp(6) NOT NULL)[0m
  [1m[36mActiveRecord::InternalMetadata Load (0.8ms)[0m  [1m[34mSELECT * FROM "ar_internal_metadata" WHERE "ar_internal_metadata"."key" = $1 ORDER BY "ar_internal_metadata"."key" ASC LIMIT 1[0m  [[nil, "environment"]]
  [1m[36mActiveRecord::InternalMetadata Create (1.4ms)[0m  [1m[32mINSERT INTO "ar_internal_metadata" ("key", "value", "created_at", "updated_at") VALUES ('environment', 'development', '2024-07-31 11:36:30.307183', '2024-07-31 11:36:30.307189') RETURNING "key"[0m
  [1m[36mActiveRecord::InternalMetadata Load (0.2ms)[0m  [1m[34mSELECT * FROM "ar_internal_metadata" WHERE "ar_internal_metadata"."key" = $1 ORDER BY "ar_internal_metadata"."key" ASC LIMIT 1[0m  [[nil, "environment"]]
  [1m[36mActiveRecord::InternalMetadata Update (1.3ms)[0m  [1m[33mUPDATE "ar_internal_metadata" SET "value" = 'test', "updated_at" = '2024-07-31 11:36:30.311258' WHERE "ar_internal_metadata"."key" = 'environment'[0m
  [1m[36mActiveRecord::InternalMetadata Load (0.4ms)[0m  [1m[34mSELECT * FROM "ar_internal_metadata" WHERE "ar_internal_metadata"."key" = $1 ORDER BY "ar_internal_metadata"."key" ASC LIMIT 1[0m  [[nil, "schema_sha1"]]
  [1m[36mActiveRecord::InternalMetadata Create (1.2ms)[0m  [1m[32mINSERT INTO "ar_internal_metadata" ("key", "value", "created_at", "updated_at") VALUES ('schema_sha1', '0b2e21f1b14caa4761d8b25d79b72217920c6e5e', '2024-07-31 11:36:30.314595', '2024-07-31 11:36:30.314600') RETURNING "key"[0m
  [1m[36mActiveRecord::SchemaMigration Load (0.4ms)[0m  [1m[34mSELECT "schema_migrations"."version" FROM "schema_migrations" ORDER BY "schema_migrations"."version" ASC[0m
Started GET "/" for 172.18.0.1 at 2024-07-31 11:36:31 +0000
Cannot render console from 172.18.0.1! Allowed networks: 127.0.0.0/127.255.255.255, ::1
  [1m[36mActiveRecord::SchemaMigration Load (1.1ms)[0m  [1m[34mSELECT "schema_migrations"."version" FROM "schema_migrations" ORDER BY "schema_migrations"."version" ASC[0m
Processing by ApplicationController#index as HTML
  Rendering layout layouts/application.html.erb
  Rendering application/index.html.erb within layouts/application
  Rendered application/index.html.erb within layouts/application (Duration: 1.6ms | Allocations: 2787)
  Rendered layout layouts/application.html.erb (Duration: 5083.0ms | Allocations: 668961)
Completed 200 OK in 6283ms (Views: 5145.3ms | ActiveRecord: 0.0ms | Allocations: 1765734)


Started GET "/" for 172.18.0.1 at 2024-07-31 11:47:28 +0000
Cannot render console from 172.18.0.1! Allowed networks: 127.0.0.0/127.255.255.255, ::1
Processing by ApplicationController#index as HTML
  Rendering layout layouts/application.html.erb
  Rendering application/index.html.erb within layouts/application
  Rendered application/index.html.erb within layouts/application (Duration: 0.3ms | Allocations: 139)
  Rendered layout layouts/application.html.erb (Duration: 19.3ms | Allocations: 30330)
Completed 200 OK in 22ms (Views: 20.2ms | ActiveRecord: 0.0ms | Allocations: 31573)


